<?xml version="1.0" encoding="UTF-8"?>
<!-- Generated by org.testng.reporters.JUnitReportReporter -->
<testsuite hostname="Shrishti_BT" failures="0" tests="1" name="TestNGFramework.basic" time="0.020" errors="0" timestamp="2023-05-24T16:44:18 IST" skipped="0">
  <testcase classname="TestNGFramework.basic" name="second" time="0.020"/>
  <system-out/>
</testsuite> <!-- TestNGFramework.basic -->
