<?xml version="1.0" encoding="UTF-8"?>
<!-- Generated by org.testng.reporters.JUnitReportReporter -->
<testsuite hostname="Shrishti_BT" failures="0" tests="3" name="JavaStreams" time="0.025" errors="0" timestamp="2023-05-19T12:50:23 IST" skipped="0">
  <testcase classname="JavaStreams" name="Count" time="0.010"/>
  <system-out/>
  <testcase classname="JavaStreams" name="map" time="0.009"/>
  <system-out/>
  <testcase classname="JavaStreams" name="streamCollect" time="0.006"/>
  <system-out/>
</testsuite> <!-- JavaStreams -->
