<?xml version="1.0" encoding="UTF-8"?>
<!-- Generated by org.testng.reporters.JUnitReportReporter -->
<testsuite hostname="Shrishti_BT" failures="0" tests="7" name="TestNGFramework.Basic_2" time="0.024" errors="0" timestamp="2023-05-24T16:44:18 IST" skipped="1">
  <testcase classname="TestNGFramework.Basic_2" name="sixth" time="0.005"/>
  <system-out/>
  <testcase classname="TestNGFramework.Basic_2" name="ninth" time="0.003"/>
  <system-out/>
  <testcase classname="TestNGFramework.Basic_2" name="ninth" time="0.004"/>
  <system-out/>
  <testcase classname="TestNGFramework.Basic_2" name="seventh" time="0.004"/>
  <system-out/>
  <testcase classname="TestNGFramework.Basic_2" name="eight" time="0.003"/>
  <system-out/>
  <testcase classname="TestNGFramework.Basic_2" name="ninth" time="0.005"/>
  <system-out/>
  <testcase classname="TestNGFramework.Basic_2" name="tenth">
    <skipped/>
  </testcase> <!-- tenth -->
  <system-out/>
</testsuite> <!-- TestNGFramework.Basic_2 -->
