<?xml version="1.0" encoding="UTF-8"?>
<!-- Generated by org.testng.reporters.JUnitReportReporter -->
<testsuite hostname="Shrishti_BT" failures="0" tests="2" name="JavaConcepts.Child" time="0.018" errors="0" timestamp="2023-05-25T13:09:20 IST" skipped="0">
  <testcase classname="JavaConcepts.Child" name="child" time="0.009"/>
  <system-out/>
  <testcase classname="JavaConcepts.Child" name="parent" time="0.009"/>
  <system-out/>
</testsuite> <!-- JavaConcepts.Child -->
