<?xml version="1.0" encoding="UTF-8"?>
<!-- Generated by org.testng.reporters.JUnitReportReporter -->
<testsuite hostname="Shrishti_BT" failures="0" tests="1" name="TestNGFramework.Basic_1" time="0.009" errors="0" timestamp="2024-06-01T19:04:25 IST" skipped="0">
  <testcase classname="TestNGFramework.Basic_1" name="third" time="0.009"/>
  <system-out/>
</testsuite> <!-- TestNGFramework.Basic_1 -->
