<?xml version="1.0" encoding="UTF-8"?>
<!-- Generated by org.testng.reporters.JUnitReportReporter -->
<testsuite hostname="Shrishti_BT" failures="0" tests="1" name="TestNGFramework.basic" time="0.018" errors="0" timestamp="2024-06-01T19:04:25 IST" skipped="0">
  <testcase classname="TestNGFramework.basic" name="second" time="0.018"/>
  <system-out/>
</testsuite> <!-- TestNGFramework.basic -->
