<?xml version="1.0" encoding="UTF-8"?>
<!-- Generated by org.testng.reporters.JUnitReportReporter -->
<testsuite hostname="Shrishti_BT" failures="0" tests="1" name="TestNGFramework.Basic_1" time="0.021" errors="0" timestamp="2023-05-24T16:44:18 IST" skipped="0">
  <testcase classname="TestNGFramework.Basic_1" name="third" time="0.021"/>
  <system-out/>
</testsuite> <!-- TestNGFramework.Basic_1 -->
