<?xml version="1.0" encoding="UTF-8"?>
<!-- Generated by org.testng.reporters.JUnitReportReporter -->
<testsuite hostname="Shrishti_BT" failures="0" tests="2" name="ECommerce.tests.ErrorMessageValidation" time="12.262" errors="0" timestamp="2023-06-01T16:59:02 IST" skipped="0">
  <testcase classname="ECommerce.tests.ErrorMessageValidation" name="getErrorMessage" time="4.845"/>
  <system-out/>
  <testcase classname="ECommerce.tests.ErrorMessageValidation" name="productErrorValidation" time="7.417"/>
  <system-out/>
</testsuite> <!-- ECommerce.tests.ErrorMessageValidation -->
