<?xml version="1.0" encoding="UTF-8"?>
<!-- Generated by org.testng.reporters.JUnitReportReporter -->
<testsuite hostname="Shrishti_BT" failures="0" tests="1" name="ShrishtiTech.ExtentReports.ExtentReportDemo" time="7.729" errors="0" timestamp="2023-06-01T11:55:28 IST" skipped="0">
  <testcase classname="ShrishtiTech.ExtentReports.ExtentReportDemo" name="TestClassForExtentReport" time="7.729"/>
  <system-out/>
</testsuite> <!-- ShrishtiTech.ExtentReports.ExtentReportDemo -->
